2026-03-27 19:25:37,493  [INFO]  Naukri Auto-Updater started.
2026-03-27 19:25:37,494  [INFO]  Scheduled times: 09:00, 13:00, 19:00
2026-03-27 19:25:37,496  [INFO]  Scheduled update at 09:00
2026-03-27 19:25:37,497  [INFO]  Scheduled update at 13:00
2026-03-27 19:25:37,498  [INFO]  Scheduled update at 19:00
2026-03-27 19:25:37,498  [INFO]  Running initial update nowģ
2026-03-27 19:25:37,499  [INFO]  =======================================================
2026-03-27 19:25:37,500  [INFO]  Starting Naukri update Ś 2026-03-27 19:25:37
2026-03-27 19:25:37,500  [INFO]  =======================================================
2026-03-27 19:25:37,502  [ERROR]  NAUKRI_EMAIL or NAUKRI_PASSWORD not set in .env!
2026-03-27 19:25:37,502  [INFO]  Scheduler running. Press Ctrl+C to stop.
2026-03-27 19:27:46,756  [INFO]  Naukri Auto-Updater started.
2026-03-27 19:27:46,756  [INFO]  Scheduled times: 09:00, 13:00, 19:00
2026-03-27 19:27:46,757  [INFO]  Scheduled update at 09:00
2026-03-27 19:27:46,758  [INFO]  Scheduled update at 13:00
2026-03-27 19:27:46,758  [INFO]  Scheduled update at 19:00
2026-03-27 19:27:46,758  [INFO]  Running initial update nowģ
2026-03-27 19:27:46,759  [INFO]  =======================================================
2026-03-27 19:27:46,768  [INFO]  Starting Naukri update Ś 2026-03-27 19:27:46
2026-03-27 19:27:46,769  [INFO]  =======================================================
2026-03-27 19:27:51,231  [INFO]  Navigating to Naukri login pageģ
2026-03-27 19:28:02,070  [INFO]  Login successful. Current URL: https://www.naukri.com/mnjuser/homepage
2026-03-27 19:28:04,071  [INFO]  Navigating to profile pageģ
2026-03-27 19:28:14,752  [INFO]  Save button clicked.
2026-03-27 19:28:14,752  [INFO]  Profile update step completed.
2026-03-27 19:28:16,883  [WARNING]  Could not send alert email: (535, b'5.7.8 Username and Password not accepted. For more information, go to\n5.7.8  https://support.google.com/mail/?p=BadCredentials 98e67ed59e1d1-35c22ba5700sm5040398a91.8 - gsmtp')
2026-03-27 19:28:19,241  [INFO]  Browser closed.

2026-03-27 19:28:19,242  [INFO]  Scheduler running. Press Ctrl+C to stop.
2026-03-28 10:40:58,497  [INFO]  Naukri Auto-Updater started.
2026-03-28 10:40:58,500  [INFO]  Scheduled times: 09:00, 13:00, 19:00
2026-03-28 10:40:58,503  [INFO]  Scheduled update at 09:00
2026-03-28 10:40:58,505  [INFO]  Scheduled update at 13:00
2026-03-28 10:40:58,507  [INFO]  Scheduled update at 19:00
2026-03-28 10:40:58,509  [INFO]  Running initial update nowģ
2026-03-28 10:40:58,512  [INFO]  =======================================================
2026-03-28 10:40:58,512  [INFO]  Starting Naukri update Ś 2026-03-28 10:40:58
2026-03-28 10:40:58,513  [INFO]  =======================================================
2026-03-28 10:41:01,048  [INFO]  Navigating to Naukri login pageģ
2026-03-28 10:41:11,522  [INFO]  Login successful. Current URL: https://www.naukri.com/mnjuser/homepage
2026-03-28 10:41:13,523  [INFO]  Navigating to profile pageģ
2026-03-28 10:41:23,966  [INFO]  Save button clicked.
2026-03-28 10:41:23,966  [INFO]  Profile update step completed.
2026-03-28 10:41:25,810  [WARNING]  Could not send alert email: (535, b'5.7.8 Username and Password not accepted. For more information, go to\n5.7.8  https://support.google.com/mail/?p=BadCredentials d9443c01a7336-2b242680132sm10775975ad.32 - gsmtp')
2026-03-28 10:41:28,054  [INFO]  Browser closed.

2026-03-28 10:41:28,054  [INFO]  Scheduler running. Press Ctrl+C to stop.
2026-03-28 13:12:51,794  [INFO]  =======================================================
2026-03-28 13:12:51,796  [INFO]  Starting Naukri update Ś 2026-03-28 13:12:51
2026-03-28 13:12:51,796  [INFO]  =======================================================
2026-03-28 13:12:54,409  [INFO]  Navigating to Naukri login pageģ
2026-03-28 13:13:04,133  [INFO]  Login successful. Current URL: https://www.naukri.com/mnjuser/homepage
2026-03-28 13:13:06,134  [INFO]  Navigating to profile pageģ
2026-03-28 13:13:16,310  [INFO]  Save button clicked.
2026-03-28 13:13:16,311  [INFO]  Profile update step completed.
2026-03-28 13:13:18,090  [WARNING]  Could not send alert email: (535, b'5.7.8 Username and Password not accepted. For more information, go to\n5.7.8  https://support.google.com/mail/?p=BadCredentials d9443c01a7336-2b2427660c7sm14626905ad.44 - gsmtp')
2026-03-28 13:13:20,307  [INFO]  Browser closed.

